<?xml version="1.0" encoding="UTF-8"?>
<!-- Generated by org.testng.reporters.JUnitReportReporter -->
<testsuite hostname="DESKTOP-0VE8HO3" failures="0" tests="3" name="com.LMSAPI.testcases.LmsApiSingleGetRequest" time="6.341" errors="0" timestamp="2022-03-13T16:01:13 PDT" skipped="0">
  <testcase classname="com.LMSAPI.testcases.LmsApiSingleGetRequest" name="test_GetSingleProgram" time="4.727"/>
  <system-out/>
  <testcase classname="com.LMSAPI.testcases.LmsApiSingleGetRequest" name="test_GetSingleProgram" time="0.816"/>
  <system-out/>
  <testcase classname="com.LMSAPI.testcases.LmsApiSingleGetRequest" name="test_GetSingleProgram" time="0.798"/>
  <system-out/>
</testsuite> <!-- com.LMSAPI.testcases.LmsApiSingleGetRequest -->
