<?xml version="1.0" encoding="UTF-8"?>
<!-- Generated by org.testng.reporters.JUnitReportReporter -->
<testsuite hostname="MININT-L81QB6L" failures="0" tests="4" name="com.JobsApi.testcases.JobsApiPutRequest" time="1.111" errors="0" timestamp="2022-03-08T20:21:49 EST" skipped="0">
  <testcase classname="com.JobsApi.testcases.JobsApiPutRequest" name="test_UpdateJob" time="0.321"/>
  <system-out/>
  <testcase classname="com.JobsApi.testcases.JobsApiPutRequest" name="test_UpdateJob" time="0.253"/>
  <system-out/>
  <testcase classname="com.JobsApi.testcases.JobsApiPutRequest" name="test_UpdateNonExistingJob" time="0.294"/>
  <system-out/>
  <testcase classname="com.JobsApi.testcases.JobsApiPutRequest" name="test_UpdateNonExistingJob" time="0.243"/>
  <system-out/>
</testsuite> <!-- com.JobsApi.testcases.JobsApiPutRequest -->
