<?xml version="1.0" encoding="UTF-8"?>
<!-- Generated by org.testng.reporters.JUnitReportReporter -->
<testsuite hostname="DESKTOP-0VE8HO3" failures="0" tests="3" name="com.LMSAPI.testcases.LmsApiPutRequest" time="6.342" errors="0" timestamp="2022-03-13T16:02:47 PDT" skipped="0">
  <testcase classname="com.LMSAPI.testcases.LmsApiPutRequest" name="test_UpdateProgram" time="0.974"/>
  <system-out>
    <![CDATA[The response body is: {"programId":12582,"programName":"SDET","programDescription":"Software Development Engineer in Test","online":true}]]>
  </system-out>
  <testcase classname="com.LMSAPI.testcases.LmsApiPutRequest" name="test_UpdateProgram" time="4.504"/>
  <system-out>
    <![CDATA[The response body is: {"programId":12581,"programName":"QA","programDescription":"Quality Assurance","online":false}]]>
  </system-out>
  <testcase classname="com.LMSAPI.testcases.LmsApiPutRequest" name="test_UpdateProgram" time="0.864"/>
  <system-out>
    <![CDATA[The response body is: {"programId":12583,"programName":"ETL","programDescription":"Extract Transform Load","online":true}]]>
  </system-out>
</testsuite> <!-- com.LMSAPI.testcases.LmsApiPutRequest -->
