<?xml version="1.0" encoding="UTF-8"?>
<!-- Generated by org.testng.reporters.JUnitReportReporter -->
<testsuite hostname="DESKTOP-0VE8HO3" failures="0" tests="1" name="com.LMSAPI.testcases.LmsApiGetRequest" time="6.768" errors="0" timestamp="2022-03-13T16:00:56 PDT" skipped="0">
  <testcase classname="com.LMSAPI.testcases.LmsApiGetRequest" name="test_GetAllPrograms" time="6.768"/>
  <system-out>
    <![CDATA[The first program Id is: 12449]]>
  </system-out>
</testsuite> <!-- com.LMSAPI.testcases.LmsApiGetRequest -->
