<?xml version="1.0" encoding="UTF-8"?>
<!-- Generated by org.testng.reporters.JUnitReportReporter -->
<testsuite hostname="MININT-L81QB6L" failures="0" tests="3" name="com.LMSAPI.testcases.LmsApiFDeleteRequest" time="3.412" errors="0" timestamp="2022-02-21T01:24:16 EST" skipped="0">
  <testcase classname="com.LMSAPI.testcases.LmsApiFDeleteRequest" name="deleteProgram" time="0.302"/>
  <system-out/>
  <testcase classname="com.LMSAPI.testcases.LmsApiFDeleteRequest" name="deleteProgram" time="2.795"/>
  <system-out/>
  <testcase classname="com.LMSAPI.testcases.LmsApiFDeleteRequest" name="deleteProgram" time="0.315"/>
  <system-out/>
</testsuite> <!-- com.LMSAPI.testcases.LmsApiFDeleteRequest -->
