<?xml version="1.0" encoding="UTF-8"?>
<!-- Generated by org.testng.reporters.JUnitReportReporter -->
<testsuite hostname="MININT-L81QB6L" failures="0" tests="4" name="com.JobsApi.testcases.JobsApiDeleteRequest" time="1.192" errors="0" timestamp="2022-03-08T20:21:49 EST" skipped="0">
  <testcase classname="com.JobsApi.testcases.JobsApiDeleteRequest" name="deleteJob" time="0.550"/>
  <system-out/>
  <testcase classname="com.JobsApi.testcases.JobsApiDeleteRequest" name="deleteJob" time="0.303"/>
  <system-out/>
  <testcase classname="com.JobsApi.testcases.JobsApiDeleteRequest" name="test_DeleteNonExistingJob" time="0.184"/>
  <system-out/>
  <testcase classname="com.JobsApi.testcases.JobsApiDeleteRequest" name="test_DeleteNonExistingJob" time="0.155"/>
  <system-out/>
</testsuite> <!-- com.JobsApi.testcases.JobsApiDeleteRequest -->
