<?xml version="1.0" encoding="UTF-8"?>
<!-- Generated by org.testng.reporters.JUnitReportReporter -->
<testsuite hostname="MININT-L81QB6L" failures="0" tests="4" name="com.JobsApi.testcases.JobsApiPostRequest" time="7.220" errors="0" timestamp="2022-03-08T20:24:28 EST" skipped="0">
  <testcase classname="com.JobsApi.testcases.JobsApiPostRequest" name="test_CreateNewJob" time="6.258"/>
  <system-out>
    <![CDATA[The new job details are 
Job Id: 1023
Job Title: SDET
Job Location: Madison,Wisconsin
Job Company Name: TCS
Job Type: Full Time
Job Posted Time: 2 hours ago
Job description: Must have 3 years of experience in QA]]>
  </system-out>
  <testcase classname="com.JobsApi.testcases.JobsApiPostRequest" name="test_CreateNewJob" time="0.564"/>
  <system-out>
    <![CDATA[The new job details are 
Job Id: 1024
Job Title: Java Developer
Job Location: Chicago,Illinois
Job Company Name: Infosys
Job Type: Contract
Job Posted Time: 4 hours ago
Job description: Java development experience required]]>
  </system-out>
  <testcase classname="com.JobsApi.testcases.JobsApiPostRequest" name="test_CreateJobExistingId" time="0.207"/>
  <system-out/>
  <testcase classname="com.JobsApi.testcases.JobsApiPostRequest" name="test_CreateJobExistingId" time="0.191"/>
  <system-out/>
</testsuite> <!-- com.JobsApi.testcases.JobsApiPostRequest -->
