<?xml version="1.0" encoding="UTF-8"?>
<!-- Generated by org.testng.reporters.JUnitReportReporter -->
<testsuite hostname="DESKTOP-0VE8HO3" failures="0" tests="1" name="com.LMSAPI.testcases.LmsApiDeleteRequest" time="0.000" errors="0" timestamp="2022-03-14T23:46:39 PDT" skipped="1">
  <testcase classname="com.LMSAPI.testcases.LmsApiDeleteRequest" name="test_DeleteProgram" time="0.000">
    <skipped/>
  </testcase> <!-- test_DeleteProgram -->
  <system-out/>
</testsuite> <!-- com.LMSAPI.testcases.LmsApiDeleteRequest -->
