<?xml version="1.0" encoding="UTF-8"?>
<!-- Generated by org.testng.reporters.JUnitReportReporter -->
<testsuite hostname="DESKTOP-0VE8HO3" failures="0" tests="3" name="com.LMSAPI.testcases.LmsApiPostRequest" time="8.263" errors="0" timestamp="2022-03-14T23:19:10 PDT" skipped="0">
  <testcase classname="com.LMSAPI.testcases.LmsApiPostRequest" name="test_CreateNewProgram" time="0.945"/>
  <system-out>
    <![CDATA[The response body is: {"programId":12920,"programName":"Java","programDescription":"Java for Developers","online":true}]]>
  </system-out>
  <testcase classname="com.LMSAPI.testcases.LmsApiPostRequest" name="test_CreateNewProgram" time="4.956"/>
  <system-out>
    <![CDATA[The response body is: {"programId":12919,"programName":"Python","programDescription":"Python for Developers","online":true}]]>
  </system-out>
  <testcase classname="com.LMSAPI.testcases.LmsApiPostRequest" name="test_CreateNewProgram" time="2.362"/>
  <system-out>
    <![CDATA[The response body is: {"programId":12921,"programName":"Data Analysis","programDescription":"Data Analytics","online":true}]]>
  </system-out>
</testsuite> <!-- com.LMSAPI.testcases.LmsApiPostRequest -->
