<?xml version="1.0" encoding="UTF-8"?>
<!-- Generated by org.testng.reporters.JUnitReportReporter -->
<testsuite hostname="MININT-L81QB6L" failures="0" tests="2" name="com.JobsApi.testcases.JobsApiDeleteRequest" time="0.315" errors="0" timestamp="2022-02-25T16:20:38 EST" skipped="0">
  <testcase classname="com.JobsApi.testcases.JobsApiDeleteRequest" name="deleteJob" time="0.169"/>
  <system-out/>
  <testcase classname="com.JobsApi.testcases.JobsApiDeleteRequest" name="deleteJob" time="0.146"/>
  <system-out/>
</testsuite> <!-- com.JobsApi.testcases.JobsApiDeleteRequest -->
