<?xml version="1.0" encoding="UTF-8"?>
<!-- Generated by org.testng.reporters.JUnitReportReporter -->
<testsuite hostname="MININT-L81QB6L" failures="0" tests="2" name="com.JobsApi.testcases.JobsApiPutRequest" time="0.287" errors="0" timestamp="2022-02-25T16:20:38 EST" skipped="0">
  <testcase classname="com.JobsApi.testcases.JobsApiPutRequest" name="updateJob" time="0.149"/>
  <system-out/>
  <testcase classname="com.JobsApi.testcases.JobsApiPutRequest" name="updateJob" time="0.138"/>
  <system-out/>
</testsuite> <!-- com.JobsApi.testcases.JobsApiPutRequest -->
