<?xml version="1.0" encoding="UTF-8"?>
<!-- Generated by org.testng.reporters.JUnitReportReporter -->
<testsuite hostname="MININT-L81QB6L" failures="0" tests="2" name="com.JobsApi.testcases.JobsApiPostRequest" time="0.864" errors="0" timestamp="2022-02-25T16:20:38 EST" skipped="0">
  <testcase classname="com.JobsApi.testcases.JobsApiPostRequest" name="createNewJob" time="0.294"/>
  <system-out/>
  <testcase classname="com.JobsApi.testcases.JobsApiPostRequest" name="createNewJob" time="0.570"/>
  <system-out/>
</testsuite> <!-- com.JobsApi.testcases.JobsApiPostRequest -->
