<?xml version="1.0" encoding="UTF-8"?>
<!-- Generated by org.testng.reporters.JUnitReportReporter -->
<testsuite hostname="MININT-L81QB6L" failures="0" tests="1" name="com.JobsApi.testcases.JobsApiGetRequest" time="3.747" errors="0" timestamp="2022-02-25T16:20:38 EST" skipped="0">
  <testcase classname="com.JobsApi.testcases.JobsApiGetRequest" name="getAllJobDetails" time="3.747"/>
  <system-out/>
</testsuite> <!-- com.JobsApi.testcases.JobsApiGetRequest -->
